2025-02-06 18:44:58,437 - INFO - [31m[1mWARNING: This is a development server. Do not use it in a production deployment. Use a production WSGI server instead.[0m
 * Running on http://127.0.0.1:5000
2025-02-06 18:44:58,438 - INFO - [33mPress CTRL+C to quit[0m
2025-02-06 18:44:58,483 - INFO -  * Restarting with watchdog (windowsapi)
2025-02-06 18:44:58,855 - WARNING -  * Debugger is active!
2025-02-06 18:44:58,868 - INFO -  * Debugger PIN: 312-226-191
2025-02-06 18:45:48,621 - INFO - [31m[1mWARNING: This is a development server. Do not use it in a production deployment. Use a production WSGI server instead.[0m
 * Running on http://127.0.0.1:5000
2025-02-06 18:45:48,621 - INFO - [33mPress CTRL+C to quit[0m
2025-02-06 18:45:48,681 - INFO -  * Restarting with watchdog (windowsapi)
2025-02-06 18:45:49,069 - WARNING -  * Debugger is active!
2025-02-06 18:45:49,073 - INFO -  * Debugger PIN: 312-226-191
2025-02-06 18:46:48,887 - INFO -  * Detected change in 'C:\\Users\\Mahi\\anaconda3\\Lib\\site-packages\\flask\\globals.py', reloading
2025-02-06 18:46:49,991 - INFO -  * Restarting with watchdog (windowsapi)
2025-02-06 18:46:50,959 - WARNING -  * Debugger is active!
2025-02-06 18:46:50,965 - INFO -  * Debugger PIN: 312-226-191
2025-02-06 18:47:18,917 - INFO - [31m[1mWARNING: This is a development server. Do not use it in a production deployment. Use a production WSGI server instead.[0m
 * Running on http://127.0.0.1:5000
2025-02-06 18:47:18,918 - INFO - [33mPress CTRL+C to quit[0m
2025-02-06 18:47:18,935 - INFO -  * Restarting with watchdog (windowsapi)
2025-02-06 18:47:19,330 - WARNING -  * Debugger is active!
2025-02-06 18:47:19,334 - INFO -  * Debugger PIN: 312-226-191
